<?xml version="1.0" encoding="UTF-8"?>
<!-- Generated by org.testng.reporters.JUnitReportReporter -->
<testsuite hostname="SIPL92" failures="0" tests="1" name="MDSi_EDIProcessing.MDSiOrderCreation" time="167.514" errors="0" timestamp="28 Jun 2022 08:00:58 GMT">
  <testcase classname="MDSi_EDIProcessing.MDSiOrderCreation" name="mdSiOrderCreation" time="167.514"/>
</testsuite> <!-- MDSi_EDIProcessing.MDSiOrderCreation -->
