<?xml version="1.0" encoding="UTF-8"?>
<!-- Generated by org.testng.reporters.JUnitReportReporter -->
<testsuite hostname="SIPL92" failures="0" tests="1" name="MDSi_EDIProcessing.MDSiOrderCreation" time="77.333" errors="0" timestamp="11 Apr 2022 03:38:35 GMT">
  <testcase classname="MDSi_EDIProcessing.MDSiOrderCreation" name="mdSiOrderCreation" time="77.333"/>
</testsuite> <!-- MDSi_EDIProcessing.MDSiOrderCreation -->
