<?xml version="1.0" encoding="UTF-8"?>
<!-- Generated by org.testng.reporters.JUnitReportReporter -->
<testsuite hostname="SIPL92" failures="0" tests="1" name="MDSi_EDIProcessing.MDSiOrderCreation" time="104.313" errors="0" timestamp="16 May 2022 03:39:09 GMT">
  <testcase classname="MDSi_EDIProcessing.MDSiOrderCreation" name="mdSiOrderCreation" time="104.313"/>
</testsuite> <!-- MDSi_EDIProcessing.MDSiOrderCreation -->
