<?xml version="1.0" encoding="UTF-8"?>
<!-- Generated by org.testng.reporters.JUnitReportReporter -->
<testsuite hostname="SIPL92" failures="0" tests="1" name="MDSi_EDIProcessing.MDSiOrderCreation" time="62.829" errors="0" timestamp="17 Mar 2022 05:19:19 GMT">
  <testcase classname="MDSi_EDIProcessing.MDSiOrderCreation" name="mdSiOrderCreation" time="62.829"/>
</testsuite> <!-- MDSi_EDIProcessing.MDSiOrderCreation -->
