<?xml version="1.0" encoding="UTF-8"?>
<!-- Generated by org.testng.reporters.JUnitReportReporter -->
<testsuite hostname="SIPL92" failures="0" tests="1" name="MDSi_EDIProcessing.MDSiOrderCreation" time="61.370" errors="0" timestamp="2022-04-12T11:37:50 IST" skipped="0">
  <testcase classname="MDSi_EDIProcessing.MDSiOrderCreation" name="mdSiOrderCreation" time="61.370"/>
  <system-out/>
</testsuite> <!-- MDSi_EDIProcessing.MDSiOrderCreation -->
