<?xml version="1.0" encoding="UTF-8"?>
<!-- Generated by org.testng.reporters.JUnitReportReporter -->
<testsuite hostname="SIPL92" failures="0" tests="1" name="MDSi_EDIProcessing.MDSiOrderCreation" time="115.630" errors="0" timestamp="16 Jun 2022 04:10:48 GMT">
  <testcase classname="MDSi_EDIProcessing.MDSiOrderCreation" name="mdSiOrderCreation" time="115.630"/>
</testsuite> <!-- MDSi_EDIProcessing.MDSiOrderCreation -->
