<?xml version="1.0" encoding="UTF-8"?>
<!-- Generated by org.testng.reporters.JUnitReportReporter -->
<testsuite hostname="SIPL92" failures="0" tests="1" name="MDSi_EDIProcessing.MDSiOrderTracking" time="21.554" errors="0" timestamp="16 May 2022 03:39:09 GMT">
  <testcase classname="MDSi_EDIProcessing.MDSiOrderTracking" name="mdSiOrderTracking" time="21.554"/>
</testsuite> <!-- MDSi_EDIProcessing.MDSiOrderTracking -->
