<?xml version="1.0" encoding="UTF-8"?>
<!-- Generated by org.testng.reporters.JUnitReportReporter -->
<testsuite hostname="SIPL92" failures="0" tests="1" name="MDSi_EDIProcessing.MDSiOrderTracking" time="23.430" errors="0" timestamp="2022-04-11T09:39:31 IST" skipped="0">
  <testcase classname="MDSi_EDIProcessing.MDSiOrderTracking" name="mdSiOrderTracking" time="23.430"/>
  <system-out/>
</testsuite> <!-- MDSi_EDIProcessing.MDSiOrderTracking -->
