<?xml version="1.0" encoding="UTF-8"?>
<!-- Generated by org.testng.reporters.JUnitReportReporter -->
<testsuite hostname="SIPL92" failures="0" tests="1" name="MDSi_EDIProcessing.MDSiOrderTracking" time="46.400" errors="0" timestamp="2022-04-12T11:44:11 IST" skipped="0">
  <testcase classname="MDSi_EDIProcessing.MDSiOrderTracking" name="mdSiOrderTracking" time="46.400"/>
  <system-out/>
</testsuite> <!-- MDSi_EDIProcessing.MDSiOrderTracking -->
